<?xml version="1.0" encoding="UTF-8"?>
<testng-results skipped="0" failed="0" total="1" passed="1">
  <reporter-output>
  </reporter-output>
  <suite name="Suite" duration-ms="31747" started-at="2017-03-15T03:13:24Z" finished-at="2017-03-15T03:13:55Z">
    <groups>
    </groups>
    <test name="Test" duration-ms="31747" started-at="2017-03-15T03:13:24Z" finished-at="2017-03-15T03:13:55Z">
      <class name="com.utc.flowershop.testcase.TestCase_FlowerShop">
        <test-method status="PASS" signature="beforeMethod()[pri:0, instance:com.utc.flowershop.testcase.TestCase_FlowerShop@1e67b872]" name="beforeMethod" is-config="true" duration-ms="19913" started-at="2017-03-15T10:13:24Z" finished-at="2017-03-15T10:13:43Z">
          <reporter-output>
          </reporter-output>
        </test-method> <!-- beforeMethod -->
        <test-method status="PASS" signature="flowerShop_TC8()[pri:0, instance:com.utc.flowershop.testcase.TestCase_FlowerShop@1e67b872]" name="flowerShop_TC8" duration-ms="11037" started-at="2017-03-15T10:13:43Z" finished-at="2017-03-15T10:13:55Z">
          <reporter-output>
          </reporter-output>
        </test-method> <!-- flowerShop_TC8 -->
        <test-method status="PASS" signature="afterMethod()[pri:0, instance:com.utc.flowershop.testcase.TestCase_FlowerShop@1e67b872]" name="afterMethod" is-config="true" duration-ms="766" started-at="2017-03-15T10:13:55Z" finished-at="2017-03-15T10:13:55Z">
          <reporter-output>
          </reporter-output>
        </test-method> <!-- afterMethod -->
      </class> <!-- com.utc.flowershop.testcase.TestCase_FlowerShop -->
    </test> <!-- Test -->
  </suite> <!-- Suite -->
</testng-results>
